----- TestDFSIO ----- : read
            Date & time: Tue Apr 15 05:53:03 UTC 2025
        Number of files: 10
 Total MBytes processed: 5120
      Throughput mb/sec: 359.12
 Average IO rate mb/sec: 410.48
  IO rate std deviation: 157.53
     Test exec time sec: 19.02

----- TestDFSIO ----- : read
            Date & time: Tue Apr 15 05:53:31 UTC 2025
        Number of files: 10
 Total MBytes processed: 5120
      Throughput mb/sec: 347.4
 Average IO rate mb/sec: 408.1
  IO rate std deviation: 184.85
     Test exec time sec: 19.4

----- TestDFSIO ----- : read
            Date & time: Tue Apr 15 05:53:59 UTC 2025
        Number of files: 10
 Total MBytes processed: 5120
      Throughput mb/sec: 367.21
 Average IO rate mb/sec: 379.58
  IO rate std deviation: 66
     Test exec time sec: 19.09

----- TestDFSIO ----- : read
            Date & time: Tue Apr 15 05:54:53 UTC 2025
        Number of files: 10
 Total MBytes processed: 5120
      Throughput mb/sec: 498.93
 Average IO rate mb/sec: 590.55
  IO rate std deviation: 287.42
     Test exec time sec: 18.57

----- TestDFSIO ----- : read
            Date & time: Tue Apr 15 05:55:20 UTC 2025
        Number of files: 10
 Total MBytes processed: 5120
      Throughput mb/sec: 342.25
 Average IO rate mb/sec: 434.12
  IO rate std deviation: 267.32
     Test exec time sec: 19